Warning[205] C:\USERS\EDYNE\ONEDRIVE\¡REA DE TRABALHO\UFPI\PROGRAMAÁ„O\2 - UFPI\1 - CÛDIGOS ASSEMBLY\CÛDIGO 1\CODIGO1.ASM 5 : Found directive in column 1. (__CONFIG)
Warning[205] C:\USERS\EDYNE\ONEDRIVE\¡REA DE TRABALHO\UFPI\PROGRAMAÁ„O\2 - UFPI\1 - CÛDIGOS ASSEMBLY\CÛDIGO 1\CODIGO1.ASM 7 : Found directive in column 1. (ORG)
Warning[203] C:\USERS\EDYNE\ONEDRIVE\¡REA DE TRABALHO\UFPI\PROGRAMAÁ„O\2 - UFPI\1 - CÛDIGOS ASSEMBLY\CÛDIGO 1\CODIGO1.ASM 8 : Found opcode in column 1. (NOP)
Warning[203] C:\USERS\EDYNE\ONEDRIVE\¡REA DE TRABALHO\UFPI\PROGRAMAÁ„O\2 - UFPI\1 - CÛDIGOS ASSEMBLY\CÛDIGO 1\CODIGO1.ASM 9 : Found opcode in column 1. (NOP)
Warning[203] C:\USERS\EDYNE\ONEDRIVE\¡REA DE TRABALHO\UFPI\PROGRAMAÁ„O\2 - UFPI\1 - CÛDIGOS ASSEMBLY\CÛDIGO 1\CODIGO1.ASM 10 : Found opcode in column 1. (GOTO)
Warning[203] C:\USERS\EDYNE\ONEDRIVE\¡REA DE TRABALHO\UFPI\PROGRAMAÁ„O\2 - UFPI\1 - CÛDIGOS ASSEMBLY\CÛDIGO 1\CODIGO1.ASM 11 : Found opcode in column 1. (NOP)
Warning[203] C:\USERS\EDYNE\ONEDRIVE\¡REA DE TRABALHO\UFPI\PROGRAMAÁ„O\2 - UFPI\1 - CÛDIGOS ASSEMBLY\CÛDIGO 1\CODIGO1.ASM 14 : Found opcode in column 1. (CLRF)
Warning[205] C:\USERS\EDYNE\ONEDRIVE\¡REA DE TRABALHO\UFPI\PROGRAMAÁ„O\2 - UFPI\1 - CÛDIGOS ASSEMBLY\CÛDIGO 1\CODIGO1.ASM 15 : Found directive in column 1. (BANKSEL)
Warning[203] C:\USERS\EDYNE\ONEDRIVE\¡REA DE TRABALHO\UFPI\PROGRAMAÁ„O\2 - UFPI\1 - CÛDIGOS ASSEMBLY\CÛDIGO 1\CODIGO1.ASM 17 : Found opcode in column 1. (CLRF)
Message[302] C:\USERS\EDYNE\ONEDRIVE\¡REA DE TRABALHO\UFPI\PROGRAMAÁ„O\2 - UFPI\1 - CÛDIGOS ASSEMBLY\CÛDIGO 1\CODIGO1.ASM 17 : Register in operand not in bank 0.  Ensure that bank bits are correct.
Warning[203] C:\USERS\EDYNE\ONEDRIVE\¡REA DE TRABALHO\UFPI\PROGRAMAÁ„O\2 - UFPI\1 - CÛDIGOS ASSEMBLY\CÛDIGO 1\CODIGO1.ASM 19 : Found opcode in column 1. (BCF)
Message[302] C:\USERS\EDYNE\ONEDRIVE\¡REA DE TRABALHO\UFPI\PROGRAMAÁ„O\2 - UFPI\1 - CÛDIGOS ASSEMBLY\CÛDIGO 1\CODIGO1.ASM 19 : Register in operand not in bank 0.  Ensure that bank bits are correct.
Warning[203] C:\USERS\EDYNE\ONEDRIVE\¡REA DE TRABALHO\UFPI\PROGRAMAÁ„O\2 - UFPI\1 - CÛDIGOS ASSEMBLY\CÛDIGO 1\CODIGO1.ASM 20 : Found opcode in column 1. (MOVLW)
Warning[203] C:\USERS\EDYNE\ONEDRIVE\¡REA DE TRABALHO\UFPI\PROGRAMAÁ„O\2 - UFPI\1 - CÛDIGOS ASSEMBLY\CÛDIGO 1\CODIGO1.ASM 21 : Found opcode in column 1. (MOVWF)
Warning[205] C:\USERS\EDYNE\ONEDRIVE\¡REA DE TRABALHO\UFPI\PROGRAMAÁ„O\2 - UFPI\1 - CÛDIGOS ASSEMBLY\CÛDIGO 1\CODIGO1.ASM 22 : Found directive in column 1. (BANKSEL)
Warning[203] C:\USERS\EDYNE\ONEDRIVE\¡REA DE TRABALHO\UFPI\PROGRAMAÁ„O\2 - UFPI\1 - CÛDIGOS ASSEMBLY\CÛDIGO 1\CODIGO1.ASM 23 : Found opcode in column 1. (MOVLW)
Warning[203] C:\USERS\EDYNE\ONEDRIVE\¡REA DE TRABALHO\UFPI\PROGRAMAÁ„O\2 - UFPI\1 - CÛDIGOS ASSEMBLY\CÛDIGO 1\CODIGO1.ASM 24 : Found opcode in column 1. (MOVWF)
Message[302] C:\USERS\EDYNE\ONEDRIVE\¡REA DE TRABALHO\UFPI\PROGRAMAÁ„O\2 - UFPI\1 - CÛDIGOS ASSEMBLY\CÛDIGO 1\CODIGO1.ASM 24 : Register in operand not in bank 0.  Ensure that bank bits are correct.
Warning[205] C:\USERS\EDYNE\ONEDRIVE\¡REA DE TRABALHO\UFPI\PROGRAMAÁ„O\2 - UFPI\1 - CÛDIGOS ASSEMBLY\CÛDIGO 1\CODIGO1.ASM 26 : Found directive in column 1. (BANKSEL)
Warning[203] C:\USERS\EDYNE\ONEDRIVE\¡REA DE TRABALHO\UFPI\PROGRAMAÁ„O\2 - UFPI\1 - CÛDIGOS ASSEMBLY\CÛDIGO 1\CODIGO1.ASM 27 : Found opcode in column 1. (MOVLW)
Warning[203] C:\USERS\EDYNE\ONEDRIVE\¡REA DE TRABALHO\UFPI\PROGRAMAÁ„O\2 - UFPI\1 - CÛDIGOS ASSEMBLY\CÛDIGO 1\CODIGO1.ASM 28 : Found opcode in column 1. (MOVWF)
Warning[203] C:\USERS\EDYNE\ONEDRIVE\¡REA DE TRABALHO\UFPI\PROGRAMAÁ„O\2 - UFPI\1 - CÛDIGOS ASSEMBLY\CÛDIGO 1\CODIGO1.ASM 29 : Found opcode in column 1. (CLRF)
Warning[205] C:\USERS\EDYNE\ONEDRIVE\¡REA DE TRABALHO\UFPI\PROGRAMAÁ„O\2 - UFPI\1 - CÛDIGOS ASSEMBLY\CÛDIGO 1\CODIGO1.ASM 31 : Found directive in column 1. (END)
