*** Error 28 "TIMER0.c" Line 14(22,24): Expecting an identifier
*** Error 43 "TIMER0.c" Line 14(26,27): Expecting a declaration
*** Error 28 "TIMER0.c" Line 16(15,27): Expecting an identifier
*** Error 43 "TIMER0.c" Line 16(27,28): Expecting a declaration
*** Error 48 "TIMER0.c" Line 18(1,11): Expecting a (
*** Error 43 "TIMER0.c" Line 18(15,19): Expecting a declaration
*** Error 43 "TIMER0.c" Line 18(19,20): Expecting a declaration
*** Error 48 "TIMER0.c" Line 20(1,5): Expecting a (
*** Error 43 "TIMER0.c" Line 20(8,11): Expecting a declaration
*** Error 43 "TIMER0.c" Line 20(11,12): Expecting a declaration
*** Error 43 "TIMER0.c" Line 23(1,6): Expecting a declaration
*** Error 43 "TIMER0.c" Line 23(7,8): Expecting a declaration
*** Error 43 "TIMER0.c" Line 23(8,13): Expecting a declaration
*** Error 43 "TIMER0.c" Line 23(12,13): Expecting a declaration
*** Error 43 "TIMER0.c" Line 24(1,2): Expecting a declaration
*** Error 43 "TIMER0.c" Line 25(1,3): Expecting a declaration
*** Error 43 "TIMER0.c" Line 25(4,5): Expecting a declaration
*** Error 48 "TIMER0.c" Line 25(5,11): Expecting a (
*** Error 43 "TIMER0.c" Line 26(1,2): Expecting a declaration
*** Error 32 "TIMER0.c" Line 28(12,22): Expecting a , or )
*** Error 43 "TIMER0.c" Line 28(23,24): Expecting a declaration
*** Error 43 "TIMER0.c" Line 28(25,26): Expecting a declaration
*** Error 43 "TIMER0.c" Line 28(27,30): Expecting a declaration
*** Error 43 "TIMER0.c" Line 28(30,31): Expecting a declaration
*** Error 43 "TIMER0.c" Line 28(31,32): Expecting a declaration
*** Error 48 "TIMER0.c" Line 29(1,2): Expecting a (
*** Error 43 "TIMER0.c" Line 29(4,5): Expecting a declaration
*** Error 43 "TIMER0.c" Line 31(1,3): Expecting a declaration
*** Error 43 "TIMER0.c" Line 31(4,5): Expecting a declaration
*** Error 48 "TIMER0.c" Line 31(5,6): Expecting a (
*** Error 43 "TIMER0.c" Line 31(10,11): Expecting a declaration
*** Error 43 "TIMER0.c" Line 31(11,12): Expecting a declaration
*** Error 43 "TIMER0.c" Line 32(1,2): Expecting a declaration
*** Error 48 "TIMER0.c" Line 33(1,2): Expecting a (
*** Error 43 "TIMER0.c" Line 33(5,6): Expecting a declaration
*** Error 43 "TIMER0.c" Line 33(6,7): Expecting a declaration
*** Error 43 "TIMER0.c" Line 35(1,2): Expecting a declaration
*** Error 43 "TIMER0.c" Line 37(1,3): Expecting a declaration
*** Error 43 "TIMER0.c" Line 37(2,4): Expecting a declaration
*** Error 43 "TIMER0.c" Line 37(4,5): Expecting a declaration
*** Error 43 "TIMER0.c" Line 38(1,3): Expecting a declaration
*** Error 43 "TIMER0.c" Line 38(4,5): Expecting a declaration
*** Error 43 "TIMER0.c" Line 38(5,7): Expecting a declaration
*** Error 43 "TIMER0.c" Line 38(7,9): Expecting a declaration
*** Error 43 "TIMER0.c" Line 38(10,12): Expecting a declaration
*** Error 43 "TIMER0.c" Line 38(12,13): Expecting a declaration
*** Error 43 "TIMER0.c" Line 39(1,2): Expecting a declaration
*** Error 43 "TIMER0.c" Line 40(1,3): Expecting a declaration
*** Error 43 "TIMER0.c" Line 40(3,4): Expecting a declaration
*** Error 43 "TIMER0.c" Line 40(5,6): Expecting a declaration
*** Error 43 "TIMER0.c" Line 40(6,7): Expecting a declaration
*** Error 43 "TIMER0.c" Line 42(1,2): Expecting a declaration
*** Error 48 "TIMER0.c" Line 44(1,7): Expecting a (
*** Error 43 "TIMER0.c" Line 44(10,11): Expecting a declaration
*** Error 43 "TIMER0.c" Line 44(11,12): Expecting a declaration
*** Error 43 "TIMER0.c" Line 45(1,2): Expecting a declaration
*** Error 43 "TIMER0.c" Line 46(1,2): Expecting a declaration
*** Error 43 "TIMER0.c" Line 47(1,2): Expecting a declaration
C:\Users\edyne\OneDrive\Área de Trabalho\UFPI\Programação\2 - UFPI\3 - Projetos PIC em C\TIMERs\TIMER0\TIMER0.o ===>  58 Errors,  0 Warnings.
Build Failed.
